<?xml version="1.0" encoding="UTF-8"?>
<!-- Generated by org.testng.reporters.JUnitReportReporter -->
<testsuite ignored="1" hostname="DESKTOP-6FDVRM7" failures="0" tests="1" name="feedbacktunertests.marketplaces.TestMarketPlace" time="5.937" errors="0" timestamp="25 Mar 2018 11:16:59 GMT" skipped="0">
  <testcase classname="feedbacktunertests.marketplaces.TestMarketPlace" name="amazonSellerIdTest" time="5.937"/>
  <testcase classname="feedbacktunertests.marketplaces.TestMarketPlace" name="marketPlaceIdTest">
    <skipped/>
  </testcase> <!-- marketPlaceIdTest -->
</testsuite> <!-- feedbacktunertests.marketplaces.TestMarketPlace -->
