<?xml version="1.0" encoding="UTF-8"?>
<!-- Generated by org.testng.reporters.JUnitReportReporter -->
<testsuite ignored="0" hostname="DESKTOP-6FDVRM7" failures="0" tests="1" name="feedbacktunertests.marketplaces.GetMarketPlace" time="5.481" errors="0" timestamp="07 Mar 2018 10:53:55 GMT" skipped="0">
  <testcase classname="feedbacktunertests.marketplaces.GetMarketPlace" name="getAmazonSellerID" time="5.481"/>
</testsuite> <!-- feedbacktunertests.marketplaces.GetMarketPlace -->
