<?xml version="1.0" encoding="UTF-8"?>
<!-- Generated by org.testng.reporters.JUnitReportReporter -->
<testsuite ignored="0" hostname="DESKTOP-6FDVRM7" failures="0" tests="1" name="feedbacktunertests.account.updateaccountsettings.TestUpdateSettings" time="4.556" errors="0" timestamp="18 Apr 2018 06:21:05 GMT" skipped="0">
  <testcase classname="feedbacktunertests.account.updateaccountsettings.TestUpdateSettings" name="updateDefaultSettingsTest" time="4.556"/>
</testsuite> <!-- feedbacktunertests.account.updateaccountsettings.TestUpdateSettings -->
