<?xml version="1.0" encoding="UTF-8"?>
<!-- Generated by org.testng.reporters.JUnitReportReporter -->
<testsuite ignored="0" hostname="DESKTOP-6FDVRM7" failures="0" tests="1" name="feedbacktunertests.infra.TestDBConnection" time="3.066" errors="0" timestamp="22 Mar 2018 13:59:00 GMT" skipped="0">
  <testcase classname="feedbacktunertests.infra.TestDBConnection" name="estConnection" time="3.066"/>
</testsuite> <!-- feedbacktunertests.infra.TestDBConnection -->
