<?xml version="1.0" encoding="UTF-8"?>
<!-- Generated by org.testng.reporters.JUnitReportReporter -->
<testsuite ignored="0" hostname="DESKTOP-6FDVRM7" failures="0" tests="1" name="feedbacktunertests.login.LoginPage" time="4.938" errors="0" timestamp="06 Mar 2018 14:35:37 GMT" skipped="0">
  <testcase classname="feedbacktunertests.login.LoginPage" name="loginToFeedbackTuner" time="4.938"/>
</testsuite> <!-- feedbacktunertests.login.LoginPage -->
