<?xml version="1.0" encoding="UTF-8"?>
<!-- Generated by org.testng.reporters.JUnitReportReporter -->
<testsuite ignored="0" hostname="DESKTOP-6FDVRM7" failures="0" tests="2" name="feedbacktunertests.marketplaces.GetMarketPlace" time="8.199" errors="0" timestamp="18 Mar 2018 15:24:47 GMT" skipped="0">
  <testcase classname="feedbacktunertests.marketplaces.GetMarketPlace" name="marketPlaceIdTest" time="3.888"/>
  <testcase classname="feedbacktunertests.marketplaces.GetMarketPlace" name="amazonSellerIdTest" time="4.311"/>
</testsuite> <!-- feedbacktunertests.marketplaces.GetMarketPlace -->
