<?xml version="1.0" encoding="UTF-8"?>
<!-- Generated by org.testng.reporters.JUnitReportReporter -->
<testsuite ignored="1" hostname="DESKTOP-6FDVRM7" failures="0" tests="1" name="feedbacktunertests.login.LoginPage" time="2.508" errors="0" timestamp="07 Mar 2018 10:47:45 GMT" skipped="0">
  <testcase classname="feedbacktunertests.login.LoginPage" name="a" time="2.508"/>
  <testcase classname="feedbacktunertests.login.LoginPage" name="loginToFeedbackTuner">
    <skipped/>
  </testcase> <!-- loginToFeedbackTuner -->
</testsuite> <!-- feedbacktunertests.login.LoginPage -->
