<?xml version="1.0" encoding="UTF-8"?>
<!-- Generated by org.testng.reporters.JUnitReportReporter -->
<testsuite ignored="0" hostname="DESKTOP-6FDVRM7" failures="0" tests="1" name="feedbacktunertests.LoginPage" time="3.044" errors="0" timestamp="06 Mar 2018 08:53:54 GMT" skipped="0">
  <testcase classname="feedbacktunertests.LoginPage" name="loginToFeedbackTuner" time="3.044"/>
</testsuite> <!-- feedbacktunertests.LoginPage -->
