<?xml version="1.0" encoding="UTF-8"?>
<!-- Generated by org.testng.reporters.JUnitReportReporter -->
<testsuite ignored="0" hostname="DESKTOP-6FDVRM7" failures="0" tests="2" name="feedbacktunertests.account.TestUpdateSettings" time="7.094" errors="0" timestamp="26 Mar 2018 12:34:43 GMT" skipped="0">
  <testcase classname="feedbacktunertests.account.TestUpdateSettings" name="updateDefaultSettingsTest" time="2.541"/>
  <testcase classname="feedbacktunertests.account.TestUpdateSettings" name="updateCompanyInfoTest" time="4.553"/>
</testsuite> <!-- feedbacktunertests.account.TestUpdateSettings -->
