<?xml version="1.0" encoding="UTF-8"?>
<!-- Generated by org.testng.reporters.JUnitReportReporter -->
<testsuite ignored="0" hostname="DESKTOP-6FDVRM7" failures="0" tests="2" name="feedbacktunertests.account.TestUpdateSettings" time="84.763" errors="0" timestamp="04 Apr 2018 18:57:04 GMT" skipped="0">
  <testcase classname="feedbacktunertests.account.TestUpdateSettings" name="updateCompanyInfoTest" time="79.183"/>
  <testcase classname="feedbacktunertests.account.TestUpdateSettings" name="updateDefaultSettingsTest" time="5.580"/>
</testsuite> <!-- feedbacktunertests.account.TestUpdateSettings -->
