<?xml version="1.0" encoding="UTF-8"?>
<!-- Generated by org.testng.reporters.JUnitReportReporter -->
<testsuite ignored="0" hostname="DESKTOP-6FDVRM7" failures="0" tests="1" name="feedbacktunertests.marketplaces.GetMarketPlace" time="6.031" errors="0" timestamp="13 Mar 2018 19:18:49 GMT" skipped="0">
  <testcase classname="feedbacktunertests.marketplaces.GetMarketPlace" name="getAmazonSellerID" time="6.031"/>
</testsuite> <!-- feedbacktunertests.marketplaces.GetMarketPlace -->
