<?xml version="1.0" encoding="UTF-8"?>
<!-- Generated by org.testng.reporters.JUnitReportReporter -->
<testsuite ignored="0" hostname="DESKTOP-6FDVRM7" failures="0" tests="2" name="feedbacktunertests.marketplaces.TestMarketPlace" time="10.314" errors="0" timestamp="16 Apr 2018 13:54:05 GMT" skipped="0">
  <testcase classname="feedbacktunertests.marketplaces.TestMarketPlace" name="marketPlaceIdTest" time="3.782"/>
  <testcase classname="feedbacktunertests.marketplaces.TestMarketPlace" name="amazonSellerIdTest" time="6.532"/>
</testsuite> <!-- feedbacktunertests.marketplaces.TestMarketPlace -->
