<?xml version="1.0" encoding="UTF-8"?>
<!-- Generated by org.testng.reporters.JUnitReportReporter -->
<testsuite ignored="0" hostname="DESKTOP-6FDVRM7" failures="0" tests="1" name="feedbacktunertests.account.updateaccountsettings.TestUpdateSettings" time="4.923" errors="0" timestamp="16 Apr 2018 20:05:47 GMT" skipped="0">
  <testcase classname="feedbacktunertests.account.updateaccountsettings.TestUpdateSettings" name="updateDefaultSettingsTest" time="4.923"/>
</testsuite> <!-- feedbacktunertests.account.updateaccountsettings.TestUpdateSettings -->
